2025-06-07 18:55:11.168878 - User: Anonymous - Path: /api/token/
2025-06-07 18:55:12.057035 - User: Anonymous - Path: /favicon.ico
2025-06-07 18:55:18.578487 - User: Anonymous - Path: /api/token/
2025-06-07 18:56:18.878985 - User: Anonymous - Path: /api/token/
2025-06-07 18:56:43.412581 - User: Anonymous - Path: /api/token/
2025-06-07 18:56:47.156863 - User: Anonymous - Path: /api/token/
2025-06-07 18:57:09.518016 - User: Anonymous - Path: /api/conversations
2025-06-07 18:57:09.536628 - User: Anonymous - Path: /api/conversations/
2025-06-07 18:57:16.667931 - User: Anonymous - Path: /api/conversations/
2025-06-07 18:57:19.360713 - User: Anonymous - Path: /api/conversations/
2025-06-07 18:57:40.989274 - User: Anonymous - Path: /api/token/
2025-06-07 18:57:56.440048 - User: Anonymous - Path: /api/token/
2025-06-07 19:00:02.996050 - User: Anonymous - Path: /api/token/
2025-06-07 19:00:58.849573 - User: Anonymous - Path: /api/conversations
2025-06-07 19:00:58.868213 - User: Anonymous - Path: /api/conversations/
2025-06-07 19:02:38.011238 - User: Anonymous - Path: /api/conversations/cc1206f4-b328-40a1-b6e0-87a271990c97/messages
2025-06-07 19:02:38.029216 - User: Anonymous - Path: /api/conversations/cc1206f4-b328-40a1-b6e0-87a271990c97/messages/
2025-06-07 19:22:56.120575 - User: Anonymous - Path: /api/conversations
2025-06-07 19:22:56.144628 - User: Anonymous - Path: /api/conversations/
2025-06-07 19:23:21.512637 - User: Anonymous - Path: /api/token/
2025-06-07 19:23:56.300465 - User: Anonymous - Path: /api/conversations
2025-06-07 19:23:56.318805 - User: Anonymous - Path: /api/conversations/
2025-06-07 19:26:23.994391 - User: Anonymous - Path: /api/conversations
2025-06-07 19:26:24.016392 - User: Anonymous - Path: /api/conversations/
2025-06-07 19:46:22.068999 - User: Anonymous - Path: /api/token/
2025-06-07 19:47:25.134791 - User: Anonymous - Path: /api/conversations/
2025-06-07 19:51:33.880761 - User: Anonymous - Path: /api/conversations
2025-06-07 19:51:33.880761 - User: Anonymous - Path: /api/conversations
2025-06-07 19:51:33.914444 - User: Anonymous - Path: /api/conversations/
2025-06-07 19:51:33.914444 - User: Anonymous - Path: /api/conversations/
2025-06-07 19:51:48.771556 - User: Anonymous - Path: /api/token/
2025-06-07 19:51:48.771556 - User: Anonymous - Path: /api/token/
2025-06-07 19:52:35.292048 - User: Anonymous - Path: /api/conversations
2025-06-07 19:52:35.292048 - User: Anonymous - Path: /api/conversations
2025-06-07 19:52:35.350305 - User: samuelvictor747futa@gmail.com - Path: /api/conversations/
2025-06-07 19:52:35.350305 - User: samuelvictor747futa@gmail.com - Path: /api/conversations/
2025-06-07 19:53:38.358886 - User: Anonymous - Path: /api/conversations/cc1206f4-b328-40a1-b6e0-87a271990c97/messages
2025-06-07 19:53:38.358886 - User: Anonymous - Path: /api/conversations/cc1206f4-b328-40a1-b6e0-87a271990c97/messages
2025-06-07 19:53:38.377128 - User: samuelvictor747futa@gmail.com - Path: /api/conversations/cc1206f4-b328-40a1-b6e0-87a271990c97/messages/
2025-06-07 19:53:38.377128 - User: samuelvictor747futa@gmail.com - Path: /api/conversations/cc1206f4-b328-40a1-b6e0-87a271990c97/messages/
2025-06-07 19:56:25.115248 - User: samuelvictor747futa@gmail.com - Path: /api/conversations/cc1206f4-b328-40a1-b6e0-87a271990c97/
2025-06-07 19:56:25.115248 - User: samuelvictor747futa@gmail.com - Path: /api/conversations/cc1206f4-b328-40a1-b6e0-87a271990c97/
2025-06-07 19:58:20.034015 - User: Anonymous - Path: /api/token/
2025-06-07 19:58:20.034015 - User: Anonymous - Path: /api/token/
2025-06-07 19:58:57.392383 - User: Anonymous - Path: /api/conversations
2025-06-07 19:58:57.392383 - User: Anonymous - Path: /api/conversations
2025-06-07 19:59:46.644666 - User: Anonymous - Path: /api/conversations
2025-06-07 19:59:46.644666 - User: Anonymous - Path: /api/conversations
2025-06-07 19:59:46.704857 - User: samuelvictor747futa@gmail.com - Path: /api/conversations/
2025-06-07 19:59:46.704857 - User: samuelvictor747futa@gmail.com - Path: /api/conversations/
2025-06-07 20:00:27.784428 - User: Anonymous - Path: /api/conversations/cc1206f4-b328-40a1-b6e0-87a271990c97/messages
2025-06-07 20:00:27.784428 - User: Anonymous - Path: /api/conversations/cc1206f4-b328-40a1-b6e0-87a271990c97/messages
2025-06-07 20:00:27.803501 - User: samuelvictor747futa@gmail.com - Path: /api/conversations/cc1206f4-b328-40a1-b6e0-87a271990c97/messages/
2025-06-07 20:00:27.803501 - User: samuelvictor747futa@gmail.com - Path: /api/conversations/cc1206f4-b328-40a1-b6e0-87a271990c97/messages/
2025-06-07 20:03:49.376321 - User: Anonymous - Path: /api/token/
2025-06-07 20:04:30.288098 - User: samuelvictor747futa@gmail.com - Path: /api/conversations/
2025-06-07 20:04:54.672673 - User: Anonymous - Path: /api/conversations/cc1206f4-b328-40a1-b6e0-87a271990c97
2025-06-07 20:04:54.693888 - User: samuelvictor747futa@gmail.com - Path: /api/conversations/cc1206f4-b328-40a1-b6e0-87a271990c97/
2025-06-07 20:05:41.731439 - User: Anonymous - Path: /api/conversations/cc1206f4-b328-40a1-b6e0-87a271990c97/messages
2025-06-07 20:05:41.751868 - User: samuelvictor747futa@gmail.com - Path: /api/conversations/cc1206f4-b328-40a1-b6e0-87a271990c97/messages/
2025-06-08 19:56:06.978751 - User: Anonymous - Path: /api/token/
2025-06-08 19:56:47.942349 - User: samuelvictor747futa@gmail.com - Path: /api/conversations/
2025-06-09 07:24:57.334402 - User: Anonymous - Path: /api/token/
2025-06-09 07:25:49.969290 - User: samuelvictor747futa@gmail.com - Path: /api/conversations/
2025-06-09 07:25:55.782987 - User: samuelvictor747futa@gmail.com - Path: /api/conversations/
2025-06-09 07:27:47.622911 - User: Anonymous - Path: /api/admin
2025-06-09 07:27:58.569103 - User: Anonymous - Path: /admin
2025-06-09 07:27:58.605529 - User: Anonymous - Path: /admin/
2025-06-09 07:27:58.766668 - User: Anonymous - Path: /admin/login/
2025-06-09 07:28:04.797016 - User: Anonymous - Path: /admin/login/
2025-06-09 07:28:12.696232 - User: Anonymous - Path: /admin/login/
2025-06-09 07:28:23.786277 - User: Anonymous - Path: /admin/login/
2025-06-09 07:28:56.261478 - User: samuelvictor747futa@gmail.com - Path: /admin/login/
2025-06-09 07:28:56.333923 - User: samuelvictor747futa@gmail.com - Path: /admin/
2025-06-09 07:29:01.149624 - User: samuelvictor747futa@gmail.com - Path: /admin/chats/conversation/add/
2025-06-09 07:29:01.254054 - User: samuelvictor747futa@gmail.com - Path: /admin/jsi18n/
2025-06-09 07:29:14.785738 - User: samuelvictor747futa@gmail.com - Path: /admin/chats/customuser/add/
2025-06-09 07:29:14.846550 - User: samuelvictor747futa@gmail.com - Path: /admin/jsi18n/
2025-06-09 07:30:07.853841 - User: samuelvictor747futa@gmail.com - Path: /admin/chats/customuser/add/
2025-06-09 07:30:08.018587 - User: samuelvictor747futa@gmail.com - Path: /admin/chats/customuser/
2025-06-09 07:30:08.088286 - User: samuelvictor747futa@gmail.com - Path: /admin/jsi18n/
2025-06-09 07:30:12.113093 - User: samuelvictor747futa@gmail.com - Path: /admin/chats/conversation/add/
2025-06-09 07:30:12.184659 - User: samuelvictor747futa@gmail.com - Path: /admin/jsi18n/
2025-06-09 07:30:22.061311 - User: samuelvictor747futa@gmail.com - Path: /admin/chats/conversation/add/
2025-06-09 07:30:22.134155 - User: samuelvictor747futa@gmail.com - Path: /admin/chats/conversation/
2025-06-09 07:30:22.196976 - User: samuelvictor747futa@gmail.com - Path: /admin/jsi18n/
2025-06-09 07:30:28.607795 - User: samuelvictor747futa@gmail.com - Path: /admin/chats/message/
2025-06-09 07:30:28.680616 - User: samuelvictor747futa@gmail.com - Path: /admin/jsi18n/
2025-06-09 07:30:30.839845 - User: samuelvictor747futa@gmail.com - Path: /admin/chats/message/add/
2025-06-09 07:30:30.907219 - User: samuelvictor747futa@gmail.com - Path: /admin/jsi18n/
2025-06-09 07:30:56.209303 - User: samuelvictor747futa@gmail.com - Path: /admin/chats/message/add/
2025-06-09 07:30:56.285578 - User: samuelvictor747futa@gmail.com - Path: /admin/chats/message/
2025-06-09 07:30:56.348232 - User: samuelvictor747futa@gmail.com - Path: /admin/jsi18n/
2025-06-09 07:31:07.985319 - User: Anonymous - Path: /api/conversations/
2025-06-09 07:31:29.790519 - User: Anonymous - Path: /api/token/
2025-06-09 07:32:09.565441 - User: samuelvictor747futa@gmail.com - Path: /api/conversations/
2025-06-09 07:45:04.142524 - User: samuelvictor747futa@gmail.com - Path: /admin/chats/message/
2025-06-09 07:45:04.230168 - User: samuelvictor747futa@gmail.com - Path: /admin/jsi18n/
2025-06-09 07:45:08.172747 - User: samuelvictor747futa@gmail.com - Path: /admin/chats/customuser/
2025-06-09 07:45:08.231026 - User: samuelvictor747futa@gmail.com - Path: /admin/jsi18n/
2025-06-09 07:45:11.516625 - User: samuelvictor747futa@gmail.com - Path: /admin/chats/customuser/add/
2025-06-09 07:45:11.583474 - User: samuelvictor747futa@gmail.com - Path: /admin/jsi18n/
2025-06-09 07:45:54.004395 - User: samuelvictor747futa@gmail.com - Path: /admin/chats/customuser/add/
2025-06-09 07:45:54.058545 - User: samuelvictor747futa@gmail.com - Path: /admin/chats/customuser/
2025-06-09 07:45:54.124107 - User: samuelvictor747futa@gmail.com - Path: /admin/jsi18n/
2025-06-09 07:45:57.181799 - User: samuelvictor747futa@gmail.com - Path: /admin/chats/customuser/04767d72-d50d-47ae-80b9-6d0c35816d5c/change/
2025-06-09 07:45:57.240534 - User: samuelvictor747futa@gmail.com - Path: /admin/jsi18n/
2025-06-09 07:46:06.478670 - User: samuelvictor747futa@gmail.com - Path: /admin/chats/customuser/04767d72-d50d-47ae-80b9-6d0c35816d5c/change/
2025-06-09 07:46:06.529957 - User: samuelvictor747futa@gmail.com - Path: /admin/chats/customuser/
2025-06-09 07:46:06.578993 - User: samuelvictor747futa@gmail.com - Path: /admin/jsi18n/
2025-06-09 07:46:56.463142 - User: samuelvictor747futa@gmail.com - Path: /admin/chats/customuser/a4bfea65-759a-4fe1-85a8-1e7c868a77e4/change/
2025-06-09 07:46:56.521573 - User: samuelvictor747futa@gmail.com - Path: /admin/jsi18n/
2025-06-09 07:47:14.421831 - User: Anonymous - Path: /api/token/
2025-06-09 07:47:51.795288 - User: Anonymous - Path: /api/conversations/
2025-06-09 07:48:01.462300 - User: samuelvictor747futa@gmail.com - Path: /api/conversations/
2025-06-09 07:48:44.570889 - User: Anonymous - Path: /api/token/
2025-06-09 07:49:06.805068 - User: samuelvictor747futa@gmail.com - Path: /admin/chats/customuser/
2025-06-09 07:49:06.866572 - User: samuelvictor747futa@gmail.com - Path: /admin/jsi18n/
2025-06-09 07:49:44.230781 - User: samuelvictor747futa@gmail.com - Path: /admin/chats/customuser/a4bfea65-759a-4fe1-85a8-1e7c868a77e4/change/
2025-06-09 07:49:44.306997 - User: samuelvictor747futa@gmail.com - Path: /admin/jsi18n/
2025-06-09 07:50:20.525042 - User: Anonymous - Path: /api/token/
2025-06-09 07:58:07.552125 - User: Anonymous - Path: /api/token/
2025-06-09 07:58:57.908261 - User: flameloaded@gmail.com - Path: /api/conversations/
2025-06-09 07:59:25.260817 - User: samuelvictor747futa@gmail.com - Path: /admin/chats/customuser/a4bfea65-759a-4fe1-85a8-1e7c868a77e4/change/
2025-06-09 07:59:25.334871 - User: samuelvictor747futa@gmail.com - Path: /admin/jsi18n/
2025-06-09 07:59:41.304610 - User: samuelvictor747futa@gmail.com - Path: /admin/chats/customuser/
2025-06-09 07:59:41.364809 - User: samuelvictor747futa@gmail.com - Path: /admin/jsi18n/
2025-06-09 07:59:45.508080 - User: samuelvictor747futa@gmail.com - Path: /admin/chats/customuser/04767d72-d50d-47ae-80b9-6d0c35816d5c/change/
2025-06-09 07:59:45.560440 - User: samuelvictor747futa@gmail.com - Path: /admin/jsi18n/
2025-06-09 07:59:48.522875 - User: samuelvictor747futa@gmail.com - Path: /admin/chats/customuser/
2025-06-09 07:59:48.571431 - User: samuelvictor747futa@gmail.com - Path: /admin/jsi18n/
2025-06-09 07:59:50.402285 - User: samuelvictor747futa@gmail.com - Path: /admin/chats/customuser/3ae6e206-7937-467c-a39e-c5206358346d/change/
2025-06-09 07:59:50.459731 - User: samuelvictor747futa@gmail.com - Path: /admin/jsi18n/
2025-06-09 08:02:28.537926 - User: Anonymous - Path: /api/token/
2025-06-16 06:50:13.649324 - User: Anonymous - Path: /api/token/
2025-06-16 06:50:14.864675 - User: samuelvictor747futa@gmail.com - Path: /favicon.ico
2025-06-16 06:50:23.437547 - User: Anonymous - Path: /api/token/
2025-06-16 06:51:25.702862 - User: Anonymous - Path: /api/tokens/
2025-06-16 06:51:47.756920 - User: Anonymous - Path: /api/tokens/
2025-06-16 06:52:39.800491 - User: Anonymous - Path: /api/auth/
2025-06-16 06:52:58.549452 - User: Anonymous - Path: /api/tokens/
2025-06-16 06:55:45.691802 - User: Anonymous - Path: /api/tokens/
2025-06-16 06:56:11.735555 - User: Anonymous - Path: /api/tokens/
2025-06-16 06:56:56.192324 - User: Anonymous - Path: /api/token/
2025-06-16 06:57:00.873302 - User: Anonymous - Path: /api/token/
2025-06-16 06:57:21.524502 - User: Anonymous - Path: /api/token/
2025-06-16 06:57:22.996659 - User: Anonymous - Path: /api/token/
2025-06-16 07:00:22.476970 - User: Anonymous - Path: /api/tokens/
2025-06-16 07:02:03.520289 - User: Anonymous - Path: /api/token/
2025-06-16 07:04:44.839414 - User: Anonymous - Path: /api/auth
2025-06-16 07:13:29.263620 - User: samuelvictor747futa@gmail.com - Path: /admin
2025-06-16 07:13:29.595731 - User: samuelvictor747futa@gmail.com - Path: /admin/
2025-06-16 07:13:35.404572 - User: samuelvictor747futa@gmail.com - Path: /admin/chats/customuser/
2025-06-16 07:13:35.681465 - User: samuelvictor747futa@gmail.com - Path: /admin/jsi18n/
2025-06-16 07:13:40.672570 - User: samuelvictor747futa@gmail.com - Path: /admin/chats/customuser/a4bfea65-759a-4fe1-85a8-1e7c868a77e4/change/
2025-06-16 07:13:40.742856 - User: samuelvictor747futa@gmail.com - Path: /admin/jsi18n/
2025-06-16 07:13:49.265013 - User: samuelvictor747futa@gmail.com - Path: /admin/chats/customuser/
2025-06-16 07:13:49.345972 - User: samuelvictor747futa@gmail.com - Path: /admin/jsi18n/
2025-06-16 07:13:51.106410 - User: samuelvictor747futa@gmail.com - Path: /admin/chats/customuser/04767d72-d50d-47ae-80b9-6d0c35816d5c/change/
2025-06-16 07:13:51.162420 - User: samuelvictor747futa@gmail.com - Path: /admin/jsi18n/
2025-06-16 07:14:49.284790 - User: Anonymous - Path: /api/token/
2025-06-16 07:44:05.140086 - User: Anonymous - Path: /api/token/
2025-06-16 08:09:51.390298 - User: Anonymous - Path: /api/token/
2025-06-16 08:10:15.001170 - User: samuelvictor747futa@gmail.com - Path: /api/conversations/
2025-06-16 10:36:32.008506 - User: samuelvictor747futa@gmail.com - Path: /admin/chats/customuser/04767d72-d50d-47ae-80b9-6d0c35816d5c/change/
2025-06-16 10:36:32.117633 - User: samuelvictor747futa@gmail.com - Path: /admin/jsi18n/
2025-06-16 10:36:34.888234 - User: samuelvictor747futa@gmail.com - Path: /admin/chats/customuser/
2025-06-16 10:36:34.947293 - User: samuelvictor747futa@gmail.com - Path: /admin/jsi18n/
2025-06-16 10:36:39.235834 - User: samuelvictor747futa@gmail.com - Path: /admin/chats/message/
2025-06-16 10:36:39.287387 - User: samuelvictor747futa@gmail.com - Path: /admin/jsi18n/
2025-06-16 10:36:42.819532 - User: samuelvictor747futa@gmail.com - Path: /admin/chats/message/77e447bb-83c0-494f-b9a3-83feb07bdbe3/change/
2025-06-16 10:36:42.875708 - User: samuelvictor747futa@gmail.com - Path: /admin/jsi18n/
2025-06-16 10:36:53.775637 - User: samuelvictor747futa@gmail.com - Path: /admin/chats/message/77e447bb-83c0-494f-b9a3-83feb07bdbe3/change/
2025-06-16 10:36:53.853398 - User: samuelvictor747futa@gmail.com - Path: /admin/chats/message/
2025-06-16 10:36:53.908411 - User: samuelvictor747futa@gmail.com - Path: /admin/jsi18n/
2025-06-16 10:38:07.325307 - User: samuelvictor747futa@gmail.com - Path: /admin/chats/message/
2025-06-16 10:38:07.388760 - User: samuelvictor747futa@gmail.com - Path: /admin/jsi18n/
2025-06-16 10:38:09.603964 - User: samuelvictor747futa@gmail.com - Path: /admin/chats/notification/
2025-06-16 10:38:17.009195 - User: samuelvictor747futa@gmail.com - Path: /admin/chats/message/
2025-06-16 10:38:19.826894 - User: samuelvictor747futa@gmail.com - Path: /admin/chats/message/add/
2025-06-16 10:38:19.877139 - User: samuelvictor747futa@gmail.com - Path: /admin/jsi18n/
2025-06-16 10:38:43.010149 - User: samuelvictor747futa@gmail.com - Path: /admin/chats/message/add/
2025-06-16 10:38:52.335714 - User: samuelvictor747futa@gmail.com - Path: /admin/chats/message/add/
2025-06-16 10:38:55.321256 - User: samuelvictor747futa@gmail.com - Path: /admin/chats/message/add/
2025-06-16 10:40:32.435792 - User: samuelvictor747futa@gmail.com - Path: /admin/chats/message/add/
2025-06-16 10:40:37.395283 - User: samuelvictor747futa@gmail.com - Path: /admin/chats/message/add/
2025-06-16 10:40:37.552921 - User: samuelvictor747futa@gmail.com - Path: /admin/chats/message/
2025-06-16 10:40:37.617734 - User: samuelvictor747futa@gmail.com - Path: /admin/jsi18n/
2025-06-16 10:40:41.925030 - User: samuelvictor747futa@gmail.com - Path: /admin/chats/notification/
2025-06-16 10:42:59.848604 - User: samuelvictor747futa@gmail.com - Path: /admin/chats/message/
2025-06-16 10:43:01.550794 - User: samuelvictor747futa@gmail.com - Path: /admin/chats/message/
2025-06-16 10:43:01.600998 - User: samuelvictor747futa@gmail.com - Path: /admin/jsi18n/
2025-06-16 10:43:04.605116 - User: samuelvictor747futa@gmail.com - Path: /admin/chats/message/016019b6-910b-4a03-b4f0-ba5467bb457a/change/
2025-06-16 10:43:04.670751 - User: samuelvictor747futa@gmail.com - Path: /admin/jsi18n/
2025-06-16 10:43:11.564140 - User: samuelvictor747futa@gmail.com - Path: /admin/chats/message/
2025-06-16 10:44:16.282514 - User: samuelvictor747futa@gmail.com - Path: /admin/chats/message/016019b6-910b-4a03-b4f0-ba5467bb457a/change/
2025-06-16 10:44:16.356677 - User: samuelvictor747futa@gmail.com - Path: /admin/jsi18n/
2025-06-16 10:47:34.530205 - User: samuelvictor747futa@gmail.com - Path: /admin/chats/message/
2025-06-16 10:47:34.620376 - User: samuelvictor747futa@gmail.com - Path: /admin/jsi18n/
2025-06-16 11:00:46.641723 - User: samuelvictor747futa@gmail.com - Path: /admin/chats/message/016019b6-910b-4a03-b4f0-ba5467bb457a/change/
2025-06-16 11:00:55.435055 - User: samuelvictor747futa@gmail.com - Path: /admin/chats/message/016019b6-910b-4a03-b4f0-ba5467bb457a/change/
2025-06-16 11:00:57.515264 - User: samuelvictor747futa@gmail.com - Path: /admin/chats/message/
2025-06-16 11:01:22.556795 - User: samuelvictor747futa@gmail.com - Path: /admin/chats/message/77e447bb-83c0-494f-b9a3-83feb07bdbe3/change/
2025-06-16 11:01:22.618342 - User: samuelvictor747futa@gmail.com - Path: /admin/jsi18n/
2025-06-16 11:01:26.996917 - User: samuelvictor747futa@gmail.com - Path: /admin/chats/message/
2025-06-16 11:04:24.739444 - User: samuelvictor747futa@gmail.com - Path: /admin/chats/message/
2025-06-16 11:04:24.822222 - User: samuelvictor747futa@gmail.com - Path: /admin/jsi18n/
2025-06-16 11:04:39.921929 - User: samuelvictor747futa@gmail.com - Path: /admin/chats/message/016019b6-910b-4a03-b4f0-ba5467bb457a/change/
2025-06-16 11:04:39.989143 - User: samuelvictor747futa@gmail.com - Path: /admin/jsi18n/
2025-06-16 11:04:51.396846 - User: samuelvictor747futa@gmail.com - Path: /admin/chats/message/
2025-06-16 11:05:10.017889 - User: samuelvictor747futa@gmail.com - Path: /admin/chats/message/
2025-06-16 11:05:11.587280 - User: samuelvictor747futa@gmail.com - Path: /admin/chats/message/
2025-06-16 11:05:11.638913 - User: samuelvictor747futa@gmail.com - Path: /admin/chats/message/
2025-06-16 11:05:11.687724 - User: samuelvictor747futa@gmail.com - Path: /admin/jsi18n/
2025-06-16 11:05:19.050678 - User: samuelvictor747futa@gmail.com - Path: /admin/chats/message/add/
2025-06-16 11:05:19.135678 - User: samuelvictor747futa@gmail.com - Path: /admin/jsi18n/
2025-06-16 11:06:02.155887 - User: samuelvictor747futa@gmail.com - Path: /admin/chats/message/add/
2025-06-16 11:06:02.270448 - User: samuelvictor747futa@gmail.com - Path: /admin/chats/message/e2508e5c-480a-48ef-a269-bf978ca9e834/change/
2025-06-16 11:06:02.336579 - User: samuelvictor747futa@gmail.com - Path: /admin/jsi18n/
2025-06-16 11:06:12.025681 - User: samuelvictor747futa@gmail.com - Path: /admin/chats/notification/
2025-06-16 11:06:12.101560 - User: samuelvictor747futa@gmail.com - Path: /admin/jsi18n/
2025-06-16 11:06:19.962635 - User: samuelvictor747futa@gmail.com - Path: /admin/chats/message/
2025-06-16 11:06:20.027481 - User: samuelvictor747futa@gmail.com - Path: /admin/jsi18n/
2025-06-16 11:06:23.802830 - User: samuelvictor747futa@gmail.com - Path: /admin/chats/notification/
2025-06-16 11:06:23.858013 - User: samuelvictor747futa@gmail.com - Path: /admin/jsi18n/
2025-06-16 11:06:25.096003 - User: samuelvictor747futa@gmail.com - Path: /admin/chats/notification/1/change/
2025-06-16 11:06:25.157310 - User: samuelvictor747futa@gmail.com - Path: /admin/jsi18n/
2025-06-16 11:06:40.811674 - User: samuelvictor747futa@gmail.com - Path: /admin/chats/notification/
2025-06-16 11:06:40.881388 - User: samuelvictor747futa@gmail.com - Path: /admin/jsi18n/
2025-06-16 11:16:38.275897 - User: samuelvictor747futa@gmail.com - Path: /admin/chats/notification/
2025-06-16 11:16:38.351597 - User: samuelvictor747futa@gmail.com - Path: /admin/jsi18n/
2025-06-16 11:16:41.651782 - User: samuelvictor747futa@gmail.com - Path: /admin/chats/message/
2025-06-16 11:16:41.727046 - User: samuelvictor747futa@gmail.com - Path: /admin/jsi18n/
2025-06-16 11:16:46.311787 - User: samuelvictor747futa@gmail.com - Path: /admin/chats/message/add/
2025-06-16 11:16:46.384092 - User: samuelvictor747futa@gmail.com - Path: /admin/jsi18n/
2025-06-16 11:18:07.987411 - User: samuelvictor747futa@gmail.com - Path: /admin/chats/message/add/
2025-06-16 11:18:08.226438 - User: samuelvictor747futa@gmail.com - Path: /admin/chats/message/
2025-06-16 11:18:08.306740 - User: samuelvictor747futa@gmail.com - Path: /admin/jsi18n/
2025-06-16 11:18:10.858858 - User: samuelvictor747futa@gmail.com - Path: /admin/chats/notification/
2025-06-16 11:18:10.946507 - User: samuelvictor747futa@gmail.com - Path: /admin/jsi18n/
2025-06-16 11:22:18.151391 - User: samuelvictor747futa@gmail.com - Path: /admin/chats/notification/
2025-06-16 11:22:18.214922 - User: samuelvictor747futa@gmail.com - Path: /admin/jsi18n/
2025-06-16 11:22:42.628775 - User: samuelvictor747futa@gmail.com - Path: /admin/chats/message/
2025-06-16 11:22:42.721723 - User: samuelvictor747futa@gmail.com - Path: /admin/jsi18n/
2025-06-16 11:22:51.021401 - User: samuelvictor747futa@gmail.com - Path: /admin/chats/message/
2025-06-16 11:22:52.347871 - User: samuelvictor747futa@gmail.com - Path: /admin/chats/message/
2025-06-16 11:22:52.408478 - User: samuelvictor747futa@gmail.com - Path: /admin/chats/message/
2025-06-16 11:22:52.462727 - User: samuelvictor747futa@gmail.com - Path: /admin/jsi18n/
2025-06-16 11:22:54.806839 - User: samuelvictor747futa@gmail.com - Path: /admin/chats/message/add/
2025-06-16 11:22:54.855910 - User: samuelvictor747futa@gmail.com - Path: /admin/jsi18n/
2025-06-16 11:23:14.051818 - User: samuelvictor747futa@gmail.com - Path: /admin/chats/message/add/
2025-06-16 11:23:14.127423 - User: samuelvictor747futa@gmail.com - Path: /admin/chats/message/
2025-06-16 11:23:14.175426 - User: samuelvictor747futa@gmail.com - Path: /admin/jsi18n/
2025-06-16 11:56:03.217548 - User: Anonymous - Path: /admin/
2025-06-16 11:56:03.332866 - User: Anonymous - Path: /admin/login/
2025-06-16 11:56:14.615260 - User: samuelvictor747futa@gmail.com - Path: /admin/login/
2025-06-16 11:56:14.677574 - User: samuelvictor747futa@gmail.com - Path: /admin/
2025-06-16 11:56:19.662626 - User: samuelvictor747futa@gmail.com - Path: /admin/messaging/customuser/
2025-06-16 11:56:19.735157 - User: samuelvictor747futa@gmail.com - Path: /admin/jsi18n/
2025-06-16 11:56:24.892238 - User: samuelvictor747futa@gmail.com - Path: /admin/messaging/customuser/add/
2025-06-16 11:56:24.944619 - User: samuelvictor747futa@gmail.com - Path: /admin/jsi18n/
2025-06-16 11:56:59.403458 - User: samuelvictor747futa@gmail.com - Path: /admin/messaging/customuser/add/
2025-06-16 11:56:59.471147 - User: samuelvictor747futa@gmail.com - Path: /admin/jsi18n/
2025-06-16 11:57:08.387465 - User: samuelvictor747futa@gmail.com - Path: /admin/messaging/customuser/add/
2025-06-16 11:57:08.452116 - User: samuelvictor747futa@gmail.com - Path: /admin/messaging/customuser/
2025-06-16 11:57:08.510493 - User: samuelvictor747futa@gmail.com - Path: /admin/jsi18n/
2025-06-16 11:57:11.201542 - User: samuelvictor747futa@gmail.com - Path: /admin/messaging/customuser/7ebc1a05-5bf4-4a32-809e-26a20834351c/change/
2025-06-16 11:57:11.259057 - User: samuelvictor747futa@gmail.com - Path: /admin/jsi18n/
2025-06-16 11:57:16.729626 - User: samuelvictor747futa@gmail.com - Path: /admin/messaging/customuser/
2025-06-16 11:57:16.794781 - User: samuelvictor747futa@gmail.com - Path: /admin/jsi18n/
2025-06-16 11:57:18.218021 - User: samuelvictor747futa@gmail.com - Path: /admin/messaging/customuser/449112b0-91c9-446e-88e6-0ff73b7ff3ec/change/
2025-06-16 11:57:18.280126 - User: samuelvictor747futa@gmail.com - Path: /admin/jsi18n/
2025-06-16 11:57:28.415238 - User: samuelvictor747futa@gmail.com - Path: /admin/messaging/customuser/449112b0-91c9-446e-88e6-0ff73b7ff3ec/change/
2025-06-16 11:57:28.471448 - User: samuelvictor747futa@gmail.com - Path: /admin/messaging/customuser/
2025-06-16 11:57:28.529246 - User: samuelvictor747futa@gmail.com - Path: /admin/jsi18n/
2025-06-16 11:57:30.134940 - User: samuelvictor747futa@gmail.com - Path: /admin/messaging/customuser/449112b0-91c9-446e-88e6-0ff73b7ff3ec/change/
2025-06-16 11:57:30.205672 - User: samuelvictor747futa@gmail.com - Path: /admin/jsi18n/
2025-06-16 12:05:56.641399 - User: samuelvictor747futa@gmail.com - Path: /admin/messaging/customuser/
2025-06-16 12:06:03.293530 - User: samuelvictor747futa@gmail.com - Path: /admin/messaging/customuser/
2025-06-16 12:06:04.424251 - User: samuelvictor747futa@gmail.com - Path: /admin/messaging/customuser/
2025-06-16 12:06:04.495514 - User: samuelvictor747futa@gmail.com - Path: /admin/messaging/customuser/
2025-06-16 12:06:04.549383 - User: samuelvictor747futa@gmail.com - Path: /admin/jsi18n/
2025-06-16 12:06:07.895936 - User: samuelvictor747futa@gmail.com - Path: /admin/messaging/customuser/add/
2025-06-16 12:06:07.963120 - User: samuelvictor747futa@gmail.com - Path: /admin/jsi18n/
2025-06-16 12:06:35.802107 - User: samuelvictor747futa@gmail.com - Path: /admin/messaging/customuser/add/
2025-06-16 12:06:35.840077 - User: samuelvictor747futa@gmail.com - Path: /admin/messaging/customuser/
2025-06-16 12:06:35.894279 - User: samuelvictor747futa@gmail.com - Path: /admin/jsi18n/
2025-06-16 12:06:37.768303 - User: samuelvictor747futa@gmail.com - Path: /admin/messaging/customuser/2917b226-f90e-4cf2-bd9e-809ba158d765/change/
2025-06-16 12:06:37.824232 - User: samuelvictor747futa@gmail.com - Path: /admin/jsi18n/
2025-06-16 12:07:46.650260 - User: samuelvictor747futa@gmail.com - Path: /admin/messaging/message/
2025-06-16 12:07:46.712414 - User: samuelvictor747futa@gmail.com - Path: /admin/jsi18n/
2025-06-16 12:07:52.985126 - User: samuelvictor747futa@gmail.com - Path: /admin/messaging/message/add/
2025-06-16 12:07:53.060285 - User: samuelvictor747futa@gmail.com - Path: /admin/jsi18n/
2025-06-16 12:07:58.392549 - User: samuelvictor747futa@gmail.com - Path: /admin/messaging/conversation/add/
2025-06-16 12:07:58.460333 - User: samuelvictor747futa@gmail.com - Path: /admin/jsi18n/
2025-06-16 12:08:05.250183 - User: samuelvictor747futa@gmail.com - Path: /admin/messaging/conversation/add/
2025-06-16 12:08:05.303006 - User: samuelvictor747futa@gmail.com - Path: /admin/messaging/conversation/
2025-06-16 12:08:05.366230 - User: samuelvictor747futa@gmail.com - Path: /admin/jsi18n/
2025-06-16 12:08:11.324115 - User: samuelvictor747futa@gmail.com - Path: /admin/messaging/message/
2025-06-16 12:08:11.401585 - User: samuelvictor747futa@gmail.com - Path: /admin/jsi18n/
2025-06-16 12:08:13.308025 - User: samuelvictor747futa@gmail.com - Path: /admin/messaging/message/add/
2025-06-16 12:08:13.364508 - User: samuelvictor747futa@gmail.com - Path: /admin/jsi18n/
2025-06-16 12:08:37.204454 - User: samuelvictor747futa@gmail.com - Path: /admin/messaging/message/add/
2025-06-16 12:08:37.362304 - User: samuelvictor747futa@gmail.com - Path: /admin/messaging/message/
2025-06-16 12:08:37.450705 - User: samuelvictor747futa@gmail.com - Path: /admin/jsi18n/
2025-06-16 12:08:40.834237 - User: samuelvictor747futa@gmail.com - Path: /admin/messaging/notification/
2025-06-16 12:08:40.889866 - User: samuelvictor747futa@gmail.com - Path: /admin/jsi18n/
2025-06-16 12:55:52.520697 - User: samuelvictor747futa@gmail.com - Path: /admin/messaging/notification/
2025-06-16 12:55:52.603808 - User: samuelvictor747futa@gmail.com - Path: /admin/jsi18n/
2025-06-16 12:55:57.843028 - User: samuelvictor747futa@gmail.com - Path: /admin/messaging/message/
2025-06-16 12:55:57.902836 - User: samuelvictor747futa@gmail.com - Path: /admin/jsi18n/
2025-06-16 12:56:00.877274 - User: samuelvictor747futa@gmail.com - Path: /admin/messaging/message/fdc8acde-9b1a-471d-84aa-77987d0ae4ff/change/
2025-06-16 12:56:00.936670 - User: samuelvictor747futa@gmail.com - Path: /admin/jsi18n/
2025-06-16 12:56:47.992237 - User: Anonymous - Path: /api/auth/
2025-06-16 12:57:00.750854 - User: Anonymous - Path: /api/token/
2025-06-16 12:57:37.930320 - User: samuelvictor747futa@gmail.com - Path: /api/conversations/
2025-06-16 13:00:07.598420 - User: samuelvictor747futa@gmail.com - Path: /api/conversations/
2025-06-16 13:00:46.661470 - User: samuelvictor747futa@gmail.com - Path: /api/conversations/
2025-06-16 13:06:54.271986 - User: Anonymous - Path: /api/tokens
2025-06-16 13:07:18.678048 - User: Anonymous - Path: /api/token/
2025-06-16 13:07:27.419002 - User: Anonymous - Path: /api/token/
2025-06-16 13:07:51.094036 - User: samuelvictor747futa@gmail.com - Path: /api/conversations/
2025-06-16 13:08:06.383451 - User: samuelvictor747futa@gmail.com - Path: /api/messages/
2025-06-16 13:08:16.504106 - User: samuelvictor747futa@gmail.com - Path: /api/conversations/
2025-06-16 13:08:39.383546 - User: samuelvictor747futa@gmail.com - Path: /api/conversations/99445b21-961d-4b7c-8659-214e1c8aeb69/messages/
2025-06-16 13:10:56.728231 - User: samuelvictor747futa@gmail.com - Path: /api/conversations/99445b21-961d-4b7c-8659-214e1c8aeb69/messages/
2025-06-16 13:15:52.887800 - User: Anonymous - Path: /api/token/
2025-06-16 13:16:22.883327 - User: samuelvictor747futa@gmail.com - Path: /api/conversations/
2025-06-16 13:16:42.305374 - User: samuelvictor747futa@gmail.com - Path: /api/conversations/99445b21-961d-4b7c-8659-214e1c8aeb69
2025-06-16 13:16:42.338036 - User: samuelvictor747futa@gmail.com - Path: /api/conversations/99445b21-961d-4b7c-8659-214e1c8aeb69/
2025-06-16 13:17:05.592147 - User: samuelvictor747futa@gmail.com - Path: /api/conversations/99445b21-961d-4b7c-8659-214e1c8aeb69/messages/
2025-06-16 13:19:07.480845 - User: samuelvictor747futa@gmail.com - Path: /api/conversations/99445b21-961d-4b7c-8659-214e1c8aeb69/messages/
2025-06-16 13:24:00.329024 - User: Anonymous - Path: /api/token/
2025-06-16 13:24:38.288904 - User: samuelvictor747futa@gmail.com - Path: /api/conversations/99445b21-961d-4b7c-8659-214e1c8aeb69/messages/
2025-06-16 13:26:02.075375 - User: Anonymous - Path: /api/conversations/99445b21-961d-4b7c-8659-214e1c8aeb69/messages/
2025-06-16 13:50:54.929434 - User: Anonymous - Path: /api/token/
2025-06-16 13:51:30.214485 - User: samuelvictor747futa@gmail.com - Path: /api/conversations/
2025-06-16 13:51:44.425368 - User: samuelvictor747futa@gmail.com - Path: /api/conversations/99445b21-961d-4b7c-8659-214e1c8aeb69/messages/
2025-06-16 13:52:56.693111 - User: samuelvictor747futa@gmail.com - Path: /api/conversations/99445b21-961d-4b7c-8659-214e1c8aeb69/messages/
2025-06-16 13:53:49.352488 - User: samuelvictor747futa@gmail.com - Path: /api/conversations/99445b21-961d-4b7c-8659-214e1c8aeb69/messages/
2025-06-16 13:55:16.897786 - User: samuelvictor747futa@gmail.com - Path: /api/conversations/99445b21-961d-4b7c-8659-214e1c8aeb69/messages/
2025-06-16 13:59:44.738713 - User: samuelvictor747futa@gmail.com - Path: /api/conversations/99445b21-961d-4b7c-8659-214e1c8aeb69/messages/
2025-06-16 14:30:57.714576 - User: Anonymous - Path: /api/token/
2025-06-16 14:31:57.289670 - User: Anonymous - Path: /api/token/
2025-06-16 14:33:39.444419 - User: samuelvictor747futa@gmail.com - Path: /api/conversations/99445b21-961d-4b7c-8659-214e1c8aeb69/messages/
2025-06-16 14:33:56.427746 - User: samuelvictor747futa@gmail.com - Path: /api/conversations/99445b21-961d-4b7c-8659-214e1c8aeb69/messages/
2025-06-16 14:38:53.388822 - User: samuelvictor747futa@gmail.com - Path: /api/conversations/99445b21-961d-4b7c-8659-214e1c8aeb69/messages/
2025-06-16 14:40:29.202463 - User: samuelvictor747futa@gmail.com - Path: /api/conversations/99445b21-961d-4b7c-8659-214e1c8aeb69/messages/
2025-06-16 14:42:05.610584 - User: samuelvictor747futa@gmail.com - Path: /api/conversations/99445b21-961d-4b7c-8659-214e1c8aeb69/messages/
2025-06-16 14:42:44.645260 - User: samuelvictor747futa@gmail.com - Path: /admin/messaging/message/fdc8acde-9b1a-471d-84aa-77987d0ae4ff/change/
2025-06-16 14:42:44.737927 - User: samuelvictor747futa@gmail.com - Path: /admin/jsi18n/
2025-06-16 14:42:48.062289 - User: samuelvictor747futa@gmail.com - Path: /admin/messaging/notification/
2025-06-16 14:42:48.114051 - User: samuelvictor747futa@gmail.com - Path: /admin/jsi18n/
2025-06-16 14:42:55.988484 - User: samuelvictor747futa@gmail.com - Path: /admin/messaging/message/
2025-06-16 14:42:56.038314 - User: samuelvictor747futa@gmail.com - Path: /admin/jsi18n/
2025-06-16 14:43:01.261615 - User: samuelvictor747futa@gmail.com - Path: /admin/messaging/customuser/
2025-06-16 14:43:01.323626 - User: samuelvictor747futa@gmail.com - Path: /admin/jsi18n/
2025-06-16 14:43:03.933476 - User: samuelvictor747futa@gmail.com - Path: /admin/messaging/conversation/
2025-06-16 14:43:04.009726 - User: samuelvictor747futa@gmail.com - Path: /admin/jsi18n/
2025-06-16 14:43:11.489527 - User: samuelvictor747futa@gmail.com - Path: /admin/messaging/message/
2025-06-16 14:43:11.548740 - User: samuelvictor747futa@gmail.com - Path: /admin/jsi18n/
2025-06-16 14:43:14.217919 - User: samuelvictor747futa@gmail.com - Path: /admin/messaging/message/fdc8acde-9b1a-471d-84aa-77987d0ae4ff/change/
2025-06-16 14:43:14.272112 - User: samuelvictor747futa@gmail.com - Path: /admin/jsi18n/
2025-06-16 14:45:24.027239 - User: samuelvictor747futa@gmail.com - Path: /admin/messaging/message/fdc8acde-9b1a-471d-84aa-77987d0ae4ff/change/
2025-06-16 14:45:24.144761 - User: samuelvictor747futa@gmail.com - Path: /admin/jsi18n/
2025-06-16 14:45:26.680474 - User: samuelvictor747futa@gmail.com - Path: /admin/messaging/messagehistory/
2025-06-16 14:45:27.039658 - User: samuelvictor747futa@gmail.com - Path: /admin/jsi18n/
2025-06-16 14:48:19.086781 - User: samuelvictor747futa@gmail.com - Path: /api/conversations/99445b21-961d-4b7c-8659-214e1c8aeb69/messages/
2025-06-16 14:49:40.649987 - User: samuelvictor747futa@gmail.com - Path: /api/conversations/99445b21-961d-4b7c-8659-214e1c8aeb69/messages/
2025-06-16 15:40:36.523333 - User: Anonymous - Path: /api/token/
2025-06-16 15:41:05.141069 - User: Anonymous - Path: /api/token/
2025-06-16 15:41:38.776922 - User: samuelvictor747futa@gmail.com - Path: /api/conversations/99445b21-961d-4b7c-8659-214e1c8aeb69/messages/
2025-06-16 15:42:01.456518 - User: samuelvictor747futa@gmail.com - Path: /api/conversations/99445b21-961d-4b7c-8659-214e1c8aeb69/
2025-06-16 15:42:17.357111 - User: samuelvictor747futa@gmail.com - Path: /api/conversations/99445b21-961d-4b7c-8659-214e1c8aeb69/messages/
2025-06-16 15:44:33.777473 - User: samuelvictor747futa@gmail.com - Path: /api/conversations/99445b21-961d-4b7c-8659-214e1c8aeb69/messages/fdc8acde-9b1a-471d-84aa-77987d0ae4ff
2025-06-16 15:44:33.797158 - User: samuelvictor747futa@gmail.com - Path: /api/conversations/99445b21-961d-4b7c-8659-214e1c8aeb69/messages/fdc8acde-9b1a-471d-84aa-77987d0ae4ff/
2025-06-16 15:45:42.870106 - User: samuelvictor747futa@gmail.com - Path: /api/conversations/99445b21-961d-4b7c-8659-214e1c8aeb69/messages/fdc8acde-9b1a-471d-84aa-77987d0ae4ff
2025-06-16 15:47:19.697817 - User: samuelvictor747futa@gmail.com - Path: /api/conversations/99445b21-961d-4b7c-8659-214e1c8aeb69/messages/fdc8acde-9b1a-471d-84aa-77987d0ae4ff/
2025-06-16 15:47:34.527601 - User: samuelvictor747futa@gmail.com - Path: /api/conversations/99445b21-961d-4b7c-8659-214e1c8aeb69/messages/fdc8acde-9b1a-471d-84aa-77987d0ae4ff/
2025-06-16 15:48:04.483855 - User: samuelvictor747futa@gmail.com - Path: /admin
2025-06-16 15:48:04.830990 - User: samuelvictor747futa@gmail.com - Path: /admin/
2025-06-16 15:48:05.374970 - User: samuelvictor747futa@gmail.com - Path: /favicon.ico
2025-06-16 15:48:07.847042 - User: samuelvictor747futa@gmail.com - Path: /admin/messaging/notification/
2025-06-16 15:48:07.956229 - User: samuelvictor747futa@gmail.com - Path: /admin/jsi18n/
2025-06-16 15:48:11.025612 - User: samuelvictor747futa@gmail.com - Path: /admin/messaging/messagehistory/
2025-06-16 15:48:11.084151 - User: samuelvictor747futa@gmail.com - Path: /admin/jsi18n/
2025-06-16 15:48:13.626342 - User: samuelvictor747futa@gmail.com - Path: /admin/messaging/messagehistory/1/change/
2025-06-16 15:48:13.676591 - User: samuelvictor747futa@gmail.com - Path: /admin/jsi18n/
2025-06-16 15:49:09.303316 - User: samuelvictor747futa@gmail.com - Path: /api/conversations/99445b21-961d-4b7c-8659-214e1c8aeb69/messages/fdc8acde-9b1a-471d-84aa-77987d0ae4ff/
2025-06-16 15:49:16.798102 - User: samuelvictor747futa@gmail.com - Path: /admin/messaging/messagehistory/1/change/
2025-06-16 15:49:16.862761 - User: samuelvictor747futa@gmail.com - Path: /admin/jsi18n/
2025-06-16 15:49:20.806384 - User: samuelvictor747futa@gmail.com - Path: /admin/messaging/messagehistory/
2025-06-16 15:49:20.876704 - User: samuelvictor747futa@gmail.com - Path: /admin/jsi18n/
2025-06-16 15:49:28.218427 - User: samuelvictor747futa@gmail.com - Path: /admin/messaging/messagehistory/2/change/
2025-06-16 15:49:28.279748 - User: samuelvictor747futa@gmail.com - Path: /admin/jsi18n/
2025-06-16 15:49:34.108939 - User: samuelvictor747futa@gmail.com - Path: /admin/messaging/messagehistory/
2025-06-16 15:49:34.177877 - User: samuelvictor747futa@gmail.com - Path: /admin/jsi18n/
2025-06-16 15:49:36.122987 - User: samuelvictor747futa@gmail.com - Path: /admin/messaging/messagehistory/1/change/
2025-06-16 15:49:36.174457 - User: samuelvictor747futa@gmail.com - Path: /admin/jsi18n/
2025-06-16 15:49:38.909882 - User: samuelvictor747futa@gmail.com - Path: /admin/messaging/messagehistory/
2025-06-16 15:49:38.963301 - User: samuelvictor747futa@gmail.com - Path: /admin/jsi18n/
2025-06-16 17:11:24.949724 - User: samuelvictor747futa@gmail.com - Path: /admin/messaging/customuser/
2025-06-16 17:11:25.063590 - User: samuelvictor747futa@gmail.com - Path: /admin/jsi18n/
2025-06-16 17:11:28.534951 - User: samuelvictor747futa@gmail.com - Path: /admin/messaging/customuser/add/
2025-06-16 17:11:28.614683 - User: samuelvictor747futa@gmail.com - Path: /admin/jsi18n/
2025-06-16 17:11:56.229743 - User: samuelvictor747futa@gmail.com - Path: /admin/messaging/customuser/add/
2025-06-16 17:11:56.267499 - User: samuelvictor747futa@gmail.com - Path: /admin/messaging/customuser/
2025-06-16 17:11:56.324323 - User: samuelvictor747futa@gmail.com - Path: /admin/jsi18n/
2025-06-16 17:12:14.295676 - User: samuelvictor747futa@gmail.com - Path: /admin/messaging/customuser/94de7039-b014-49b9-a4c0-39ff145bee70/change/
2025-06-16 17:12:14.351422 - User: samuelvictor747futa@gmail.com - Path: /admin/jsi18n/
2025-06-16 17:15:08.321740 - User: Anonymous - Path: /api/token/
2025-06-16 17:16:13.112143 - User: Anonymous - Path: /api/token/conversations/
2025-06-16 17:16:33.021786 - User: Anonymous - Path: /api/token/conversations/
2025-06-16 17:17:05.448745 - User: Anonymous - Path: /api/token/
2025-06-16 17:17:45.514328 - User: samuelvictor747futa@gmail.com - Path: /admin/messaging/conversation/
2025-06-16 17:17:45.616486 - User: samuelvictor747futa@gmail.com - Path: /admin/jsi18n/
2025-06-16 17:17:50.013910 - User: samuelvictor747futa@gmail.com - Path: /admin/messaging/conversation/99445b21-961d-4b7c-8659-214e1c8aeb69/change/
2025-06-16 17:17:50.074813 - User: samuelvictor747futa@gmail.com - Path: /admin/jsi18n/
2025-06-16 17:18:09.786119 - User: samuelvictor747futa@gmail.com - Path: /admin/messaging/conversation/99445b21-961d-4b7c-8659-214e1c8aeb69/change/
2025-06-16 17:18:09.844315 - User: samuelvictor747futa@gmail.com - Path: /admin/messaging/conversation/
2025-06-16 17:18:09.891745 - User: samuelvictor747futa@gmail.com - Path: /admin/jsi18n/
2025-06-16 17:18:15.374494 - User: samuelvictor747futa@gmail.com - Path: /admin/messaging/conversation/
2025-06-16 17:18:15.436208 - User: samuelvictor747futa@gmail.com - Path: /admin/jsi18n/
2025-06-16 17:18:17.365450 - User: samuelvictor747futa@gmail.com - Path: /admin/messaging/conversation/
2025-06-16 17:18:17.434320 - User: samuelvictor747futa@gmail.com - Path: /admin/jsi18n/
2025-06-16 17:18:24.582767 - User: samuelvictor747futa@gmail.com - Path: /admin/messaging/conversation/add/
2025-06-16 17:18:24.664301 - User: samuelvictor747futa@gmail.com - Path: /admin/jsi18n/
2025-06-16 17:18:39.915354 - User: samuelvictor747futa@gmail.com - Path: /admin/messaging/conversation/add/
2025-06-16 17:18:39.959644 - User: samuelvictor747futa@gmail.com - Path: /admin/messaging/conversation/
2025-06-16 17:18:40.012421 - User: samuelvictor747futa@gmail.com - Path: /admin/jsi18n/
2025-06-16 17:18:42.476443 - User: samuelvictor747futa@gmail.com - Path: /admin/messaging/conversation/99445b21-961d-4b7c-8659-214e1c8aeb69/change/
2025-06-16 17:18:42.530818 - User: samuelvictor747futa@gmail.com - Path: /admin/jsi18n/
2025-06-16 17:18:53.558379 - User: samuelvictor747futa@gmail.com - Path: /admin/messaging/conversation/99445b21-961d-4b7c-8659-214e1c8aeb69/change/
2025-06-16 17:18:53.626811 - User: samuelvictor747futa@gmail.com - Path: /admin/messaging/conversation/
2025-06-16 17:18:53.680089 - User: samuelvictor747futa@gmail.com - Path: /admin/jsi18n/
2025-06-16 17:18:55.383709 - User: samuelvictor747futa@gmail.com - Path: /admin/messaging/conversation/3ad02903-adad-4dac-be0d-6c6670b18255/change/
2025-06-16 17:18:55.443270 - User: samuelvictor747futa@gmail.com - Path: /admin/jsi18n/
2025-06-16 17:19:01.696152 - User: samuelvictor747futa@gmail.com - Path: /admin/messaging/conversation/3ad02903-adad-4dac-be0d-6c6670b18255/change/
2025-06-16 17:19:01.762630 - User: samuelvictor747futa@gmail.com - Path: /admin/messaging/conversation/
2025-06-16 17:19:01.828893 - User: samuelvictor747futa@gmail.com - Path: /admin/jsi18n/
2025-06-16 17:19:11.743836 - User: samuelvictor747futa@gmail.com - Path: /admin/messaging/message/
2025-06-16 17:21:31.952380 - User: samuelvictor747futa@gmail.com - Path: /admin/messaging/message/
2025-06-16 17:21:32.063476 - User: samuelvictor747futa@gmail.com - Path: /admin/jsi18n/
2025-06-16 17:21:35.885674 - User: samuelvictor747futa@gmail.com - Path: /admin/messaging/message/fdc8acde-9b1a-471d-84aa-77987d0ae4ff/change/
2025-06-16 17:21:35.946294 - User: samuelvictor747futa@gmail.com - Path: /admin/jsi18n/
2025-06-16 17:21:39.715245 - User: samuelvictor747futa@gmail.com - Path: /admin/messaging/message/
2025-06-16 17:22:13.195057 - User: samuelvictor747futa@gmail.com - Path: /admin/messaging/message/
2025-06-16 17:22:14.817681 - User: samuelvictor747futa@gmail.com - Path: /admin/messaging/message/
2025-06-16 17:22:14.901854 - User: samuelvictor747futa@gmail.com - Path: /admin/messaging/message/
2025-06-16 17:22:14.972268 - User: samuelvictor747futa@gmail.com - Path: /admin/jsi18n/
2025-06-16 17:22:22.346958 - User: samuelvictor747futa@gmail.com - Path: /admin/messaging/message/
2025-06-16 17:22:23.669494 - User: samuelvictor747futa@gmail.com - Path: /admin/messaging/message/
2025-06-16 17:22:23.785488 - User: samuelvictor747futa@gmail.com - Path: /admin/messaging/message/
2025-06-16 17:22:23.853787 - User: samuelvictor747futa@gmail.com - Path: /admin/jsi18n/
2025-06-16 17:22:49.704295 - User: samuelvictor747futa@gmail.com - Path: /admin/messaging/message/
2025-06-16 17:22:50.960714 - User: samuelvictor747futa@gmail.com - Path: /admin/messaging/message/
2025-06-16 17:22:51.018093 - User: samuelvictor747futa@gmail.com - Path: /admin/messaging/message/
2025-06-16 17:22:51.083204 - User: samuelvictor747futa@gmail.com - Path: /admin/jsi18n/
2025-06-16 17:22:53.072261 - User: samuelvictor747futa@gmail.com - Path: /admin/messaging/notification/
2025-06-16 17:22:53.136062 - User: samuelvictor747futa@gmail.com - Path: /admin/jsi18n/
2025-06-16 17:22:55.942767 - User: samuelvictor747futa@gmail.com - Path: /admin/messaging/message/
2025-06-16 17:22:55.989124 - User: samuelvictor747futa@gmail.com - Path: /admin/jsi18n/
2025-06-16 17:23:54.710284 - User: Anonymous - Path: /api/token/
2025-06-16 17:24:24.133476 - User: okonche153990@futa.edu.ng - Path: /api/conversations/
2025-06-16 17:27:35.512896 - User: Anonymous - Path: /api/token/
2025-06-16 17:28:13.690099 - User: okonche153990@futa.edu.ng - Path: /api/conversations/
2025-06-16 17:31:33.173378 - User: samuelvictor747futa@gmail.com - Path: /admin/messaging/message/fdc8acde-9b1a-471d-84aa-77987d0ae4ff/change/
2025-06-16 17:31:33.241064 - User: samuelvictor747futa@gmail.com - Path: /admin/jsi18n/
2025-06-16 17:31:47.189103 - User: samuelvictor747futa@gmail.com - Path: /admin/messaging/messagehistory/
2025-06-16 17:31:47.259326 - User: samuelvictor747futa@gmail.com - Path: /admin/jsi18n/
2025-06-16 17:31:51.685364 - User: samuelvictor747futa@gmail.com - Path: /admin/messaging/messagehistory/2/change/
2025-06-16 17:31:51.744397 - User: samuelvictor747futa@gmail.com - Path: /admin/jsi18n/
2025-06-16 17:31:57.549903 - User: samuelvictor747futa@gmail.com - Path: /admin/messaging/conversation/
2025-06-16 17:31:57.615199 - User: samuelvictor747futa@gmail.com - Path: /admin/jsi18n/
2025-06-16 17:31:59.147300 - User: samuelvictor747futa@gmail.com - Path: /admin/messaging/conversation/99445b21-961d-4b7c-8659-214e1c8aeb69/change/
2025-06-16 17:31:59.208502 - User: samuelvictor747futa@gmail.com - Path: /admin/jsi18n/
2025-06-16 17:32:09.269675 - User: samuelvictor747futa@gmail.com - Path: /admin/messaging/conversation/
2025-06-16 17:32:11.020249 - User: samuelvictor747futa@gmail.com - Path: /admin/messaging/conversation/3ad02903-adad-4dac-be0d-6c6670b18255/change/
2025-06-16 17:32:11.096430 - User: samuelvictor747futa@gmail.com - Path: /admin/jsi18n/
2025-06-16 17:32:14.380061 - User: samuelvictor747futa@gmail.com - Path: /admin/messaging/conversation/
2025-06-16 17:32:16.536323 - User: samuelvictor747futa@gmail.com - Path: /admin/messaging/notification/
2025-06-16 17:32:16.589862 - User: samuelvictor747futa@gmail.com - Path: /admin/jsi18n/
2025-06-17 01:04:30.106054 - User: samuelvictor747futa@gmail.com - Path: /admin/messaging/notification/
2025-06-17 01:04:30.182820 - User: samuelvictor747futa@gmail.com - Path: /admin/jsi18n/
2025-06-17 01:11:36.146707 - User: Anonymous - Path: /api/token/
2025-06-17 01:12:17.216771 - User: okonche153990@futa.edu.ng - Path: /api/conversations/
2025-06-17 01:16:04.069541 - User: samuelvictor747futa@gmail.com - Path: /admin/messaging/notification/
2025-06-17 01:16:04.120244 - User: samuelvictor747futa@gmail.com - Path: /admin/jsi18n/
2025-06-17 01:16:14.124574 - User: samuelvictor747futa@gmail.com - Path: /admin/messaging/message/
2025-06-17 01:16:14.177076 - User: samuelvictor747futa@gmail.com - Path: /admin/jsi18n/
2025-06-17 01:16:34.427444 - User: samuelvictor747futa@gmail.com - Path: /admin/messaging/conversation/
2025-06-17 01:16:34.524159 - User: samuelvictor747futa@gmail.com - Path: /admin/jsi18n/
2025-06-17 01:16:38.119806 - User: samuelvictor747futa@gmail.com - Path: /admin/messaging/conversation/3ad02903-adad-4dac-be0d-6c6670b18255/change/
2025-06-17 01:16:38.175679 - User: samuelvictor747futa@gmail.com - Path: /admin/jsi18n/
2025-06-17 01:17:10.591397 - User: samuelvictor747futa@gmail.com - Path: /admin/messaging/conversation/
2025-06-17 01:17:10.658568 - User: samuelvictor747futa@gmail.com - Path: /admin/jsi18n/
2025-06-17 01:17:12.658052 - User: samuelvictor747futa@gmail.com - Path: /admin/messaging/conversation/99445b21-961d-4b7c-8659-214e1c8aeb69/change/
2025-06-17 01:17:12.725168 - User: samuelvictor747futa@gmail.com - Path: /admin/jsi18n/
2025-06-17 01:17:29.591059 - User: okonche153990@futa.edu.ng - Path: /api/conversations/99445b21-961d-4b7c-8659-214e1c8aeb69
2025-06-17 01:17:29.603587 - User: okonche153990@futa.edu.ng - Path: /api/conversations/99445b21-961d-4b7c-8659-214e1c8aeb69/
2025-06-17 01:18:48.252538 - User: okonche153990@futa.edu.ng - Path: /api/conversations/
2025-06-17 01:18:55.202207 - User: samuelvictor747futa@gmail.com - Path: /admin/messaging/conversation/
2025-06-17 01:18:55.267428 - User: samuelvictor747futa@gmail.com - Path: /admin/jsi18n/
2025-06-17 01:18:57.133502 - User: samuelvictor747futa@gmail.com - Path: /admin/messaging/conversation/3ad02903-adad-4dac-be0d-6c6670b18255/change/
2025-06-17 01:18:57.202995 - User: samuelvictor747futa@gmail.com - Path: /admin/jsi18n/
2025-06-17 01:19:12.306831 - User: okonche153990@futa.edu.ng - Path: /api/conversations/3ad02903-adad-4dac-be0d-6c6670b18255/
2025-06-17 02:46:33.233408 - User: Anonymous - Path: /api/token/
2025-06-17 02:46:42.834032 - User: Anonymous - Path: /api/token/
2025-06-17 02:48:14.506661 - User: okonche153990@futa.edu.ng - Path: /api/conversations/3ad02903-adad-4dac-be0d-6c6670b18255/messages/
2025-06-17 02:52:04.366314 - User: okonche153990@futa.edu.ng - Path: /api/conversations/3ad02903-adad-4dac-be0d-6c6670b18255/messages/
2025-06-17 02:52:36.075448 - User: okonche153990@futa.edu.ng - Path: /api/conversations/3ad02903-adad-4dac-be0d-6c6670b18255/
2025-06-17 02:52:43.770847 - User: okonche153990@futa.edu.ng - Path: /api/conversations/3ad02903-adad-4dac-be0d-6c6670b18255/messages/
2025-06-17 02:58:27.214708 - User: okonche153990@futa.edu.ng - Path: /api/conversations/3ad02903-adad-4dac-be0d-6c6670b18255/messages/
2025-06-17 02:58:50.098182 - User: okonche153990@futa.edu.ng - Path: /api/conversations/3ad02903-adad-4dac-be0d-6c6670b18255/messages/
2025-06-17 02:59:09.829147 - User: okonche153990@futa.edu.ng - Path: /api/conversations/3ad02903-adad-4dac-be0d-6c6670b18255/messages/88127415-847d-4bd6-80d8-fed7307c708c/
2025-06-17 03:00:52.338949 - User: okonche153990@futa.edu.ng - Path: /api/conversations/3ad02903-adad-4dac-be0d-6c6670b18255/messages/88127415-847d-4bd6-80d8-fed7307c708c/
2025-06-17 03:01:27.054658 - User: samuelvictor747futa@gmail.com - Path: /admin/messaging/messagehistory/
2025-06-17 03:01:27.151545 - User: samuelvictor747futa@gmail.com - Path: /admin/jsi18n/
2025-06-17 03:01:37.670589 - User: samuelvictor747futa@gmail.com - Path: /admin/messaging/messagehistory/
2025-06-17 03:01:37.723304 - User: samuelvictor747futa@gmail.com - Path: /admin/jsi18n/
2025-06-17 03:01:40.757874 - User: samuelvictor747futa@gmail.com - Path: /admin/messaging/messagehistory/3/change/
2025-06-17 03:01:40.811990 - User: samuelvictor747futa@gmail.com - Path: /admin/jsi18n/
2025-06-17 03:01:44.127218 - User: samuelvictor747futa@gmail.com - Path: /admin/messaging/messagehistory/
2025-06-17 03:01:46.579537 - User: samuelvictor747futa@gmail.com - Path: /admin/messaging/messagehistory/2/change/
2025-06-17 03:01:46.632589 - User: samuelvictor747futa@gmail.com - Path: /admin/jsi18n/
2025-06-17 03:01:49.711582 - User: samuelvictor747futa@gmail.com - Path: /admin/messaging/messagehistory/2/change/
2025-06-17 03:01:49.839222 - User: samuelvictor747futa@gmail.com - Path: /admin/jsi18n/
2025-06-17 03:01:51.201637 - User: samuelvictor747futa@gmail.com - Path: /admin/messaging/messagehistory/
2025-06-17 03:01:53.148988 - User: samuelvictor747futa@gmail.com - Path: /admin/messaging/message/
2025-06-17 03:01:53.193318 - User: samuelvictor747futa@gmail.com - Path: /admin/jsi18n/
2025-06-17 03:02:02.213867 - User: samuelvictor747futa@gmail.com - Path: /admin/messaging/message/
2025-06-17 03:02:02.259447 - User: samuelvictor747futa@gmail.com - Path: /admin/jsi18n/
2025-06-17 03:02:16.338121 - User: samuelvictor747futa@gmail.com - Path: /admin/messaging/notification/
2025-06-17 03:02:16.390063 - User: samuelvictor747futa@gmail.com - Path: /admin/jsi18n/
2025-06-17 03:02:20.225995 - User: samuelvictor747futa@gmail.com - Path: /admin/messaging/message/
2025-06-17 03:02:20.305157 - User: samuelvictor747futa@gmail.com - Path: /admin/jsi18n/
2025-06-17 03:08:38.978673 - User: okonche153990@futa.edu.ng - Path: /api/conversations/3ad02903-adad-4dac-be0d-6c6670b18255/messages/88127415-847d-4bd6-80d8-fed7307c708c/
2025-06-17 03:09:24.716335 - User: okonche153990@futa.edu.ng - Path: /api/delete-account/
2025-06-17 03:18:38.075843 - User: Anonymous - Path: /api/token/
2025-06-17 03:19:20.314758 - User: okonche153990@futa.edu.ng - Path: /api/conversations/3ad02903-adad-4dac-be0d-6c6670b18255/
2025-06-17 03:20:10.688505 - User: okonche153990@futa.edu.ng - Path: /api/delete-account/
2025-06-17 03:20:31.628600 - User: samuelvictor747futa@gmail.com - Path: /admin/messaging/message/
2025-06-17 03:20:31.701984 - User: samuelvictor747futa@gmail.com - Path: /admin/jsi18n/
2025-06-17 03:20:37.061513 - User: samuelvictor747futa@gmail.com - Path: /admin/messaging/customuser/
2025-06-17 03:20:37.124428 - User: samuelvictor747futa@gmail.com - Path: /admin/jsi18n/
2025-06-17 03:20:39.791755 - User: samuelvictor747futa@gmail.com - Path: /admin/messaging/customuser/
2025-06-17 03:20:39.863278 - User: samuelvictor747futa@gmail.com - Path: /admin/jsi18n/
2025-06-17 03:20:42.176464 - User: samuelvictor747futa@gmail.com - Path: /admin/messaging/messagehistory/
2025-06-17 03:20:42.234147 - User: samuelvictor747futa@gmail.com - Path: /admin/jsi18n/
2025-06-17 03:20:44.649152 - User: samuelvictor747futa@gmail.com - Path: /admin/messaging/message/
2025-06-17 03:20:44.715403 - User: samuelvictor747futa@gmail.com - Path: /admin/jsi18n/
2025-06-17 03:20:47.551462 - User: samuelvictor747futa@gmail.com - Path: /admin/messaging/notification/
2025-06-17 03:20:47.621112 - User: samuelvictor747futa@gmail.com - Path: /admin/jsi18n/
