2025-06-07 18:55:11.168878 - User: Anonymous - Path: /api/token/
2025-06-07 18:55:12.057035 - User: Anonymous - Path: /favicon.ico
2025-06-07 18:55:18.578487 - User: Anonymous - Path: /api/token/
2025-06-07 18:56:18.878985 - User: Anonymous - Path: /api/token/
2025-06-07 18:56:43.412581 - User: Anonymous - Path: /api/token/
2025-06-07 18:56:47.156863 - User: Anonymous - Path: /api/token/
2025-06-07 18:57:09.518016 - User: Anonymous - Path: /api/conversations
2025-06-07 18:57:09.536628 - User: Anonymous - Path: /api/conversations/
2025-06-07 18:57:16.667931 - User: Anonymous - Path: /api/conversations/
2025-06-07 18:57:19.360713 - User: Anonymous - Path: /api/conversations/
2025-06-07 18:57:40.989274 - User: Anonymous - Path: /api/token/
2025-06-07 18:57:56.440048 - User: Anonymous - Path: /api/token/
2025-06-07 19:00:02.996050 - User: Anonymous - Path: /api/token/
2025-06-07 19:00:58.849573 - User: Anonymous - Path: /api/conversations
2025-06-07 19:00:58.868213 - User: Anonymous - Path: /api/conversations/
2025-06-07 19:02:38.011238 - User: Anonymous - Path: /api/conversations/cc1206f4-b328-40a1-b6e0-87a271990c97/messages
2025-06-07 19:02:38.029216 - User: Anonymous - Path: /api/conversations/cc1206f4-b328-40a1-b6e0-87a271990c97/messages/
2025-06-07 19:22:56.120575 - User: Anonymous - Path: /api/conversations
2025-06-07 19:22:56.144628 - User: Anonymous - Path: /api/conversations/
2025-06-07 19:23:21.512637 - User: Anonymous - Path: /api/token/
2025-06-07 19:23:56.300465 - User: Anonymous - Path: /api/conversations
2025-06-07 19:23:56.318805 - User: Anonymous - Path: /api/conversations/
2025-06-07 19:26:23.994391 - User: Anonymous - Path: /api/conversations
2025-06-07 19:26:24.016392 - User: Anonymous - Path: /api/conversations/
2025-06-07 19:46:22.068999 - User: Anonymous - Path: /api/token/
2025-06-07 19:47:25.134791 - User: Anonymous - Path: /api/conversations/
2025-06-07 19:51:33.880761 - User: Anonymous - Path: /api/conversations
2025-06-07 19:51:33.880761 - User: Anonymous - Path: /api/conversations
2025-06-07 19:51:33.914444 - User: Anonymous - Path: /api/conversations/
2025-06-07 19:51:33.914444 - User: Anonymous - Path: /api/conversations/
2025-06-07 19:51:48.771556 - User: Anonymous - Path: /api/token/
2025-06-07 19:51:48.771556 - User: Anonymous - Path: /api/token/
2025-06-07 19:52:35.292048 - User: Anonymous - Path: /api/conversations
2025-06-07 19:52:35.292048 - User: Anonymous - Path: /api/conversations
2025-06-07 19:52:35.350305 - User: samuelvictor747futa@gmail.com - Path: /api/conversations/
2025-06-07 19:52:35.350305 - User: samuelvictor747futa@gmail.com - Path: /api/conversations/
2025-06-07 19:53:38.358886 - User: Anonymous - Path: /api/conversations/cc1206f4-b328-40a1-b6e0-87a271990c97/messages
2025-06-07 19:53:38.358886 - User: Anonymous - Path: /api/conversations/cc1206f4-b328-40a1-b6e0-87a271990c97/messages
2025-06-07 19:53:38.377128 - User: samuelvictor747futa@gmail.com - Path: /api/conversations/cc1206f4-b328-40a1-b6e0-87a271990c97/messages/
2025-06-07 19:53:38.377128 - User: samuelvictor747futa@gmail.com - Path: /api/conversations/cc1206f4-b328-40a1-b6e0-87a271990c97/messages/
2025-06-07 19:56:25.115248 - User: samuelvictor747futa@gmail.com - Path: /api/conversations/cc1206f4-b328-40a1-b6e0-87a271990c97/
2025-06-07 19:56:25.115248 - User: samuelvictor747futa@gmail.com - Path: /api/conversations/cc1206f4-b328-40a1-b6e0-87a271990c97/
2025-06-07 19:58:20.034015 - User: Anonymous - Path: /api/token/
2025-06-07 19:58:20.034015 - User: Anonymous - Path: /api/token/
2025-06-07 19:58:57.392383 - User: Anonymous - Path: /api/conversations
2025-06-07 19:58:57.392383 - User: Anonymous - Path: /api/conversations
2025-06-07 19:59:46.644666 - User: Anonymous - Path: /api/conversations
2025-06-07 19:59:46.644666 - User: Anonymous - Path: /api/conversations
2025-06-07 19:59:46.704857 - User: samuelvictor747futa@gmail.com - Path: /api/conversations/
2025-06-07 19:59:46.704857 - User: samuelvictor747futa@gmail.com - Path: /api/conversations/
2025-06-07 20:00:27.784428 - User: Anonymous - Path: /api/conversations/cc1206f4-b328-40a1-b6e0-87a271990c97/messages
2025-06-07 20:00:27.784428 - User: Anonymous - Path: /api/conversations/cc1206f4-b328-40a1-b6e0-87a271990c97/messages
2025-06-07 20:00:27.803501 - User: samuelvictor747futa@gmail.com - Path: /api/conversations/cc1206f4-b328-40a1-b6e0-87a271990c97/messages/
2025-06-07 20:00:27.803501 - User: samuelvictor747futa@gmail.com - Path: /api/conversations/cc1206f4-b328-40a1-b6e0-87a271990c97/messages/
2025-06-07 20:03:49.376321 - User: Anonymous - Path: /api/token/
2025-06-07 20:04:30.288098 - User: samuelvictor747futa@gmail.com - Path: /api/conversations/
2025-06-07 20:04:54.672673 - User: Anonymous - Path: /api/conversations/cc1206f4-b328-40a1-b6e0-87a271990c97
2025-06-07 20:04:54.693888 - User: samuelvictor747futa@gmail.com - Path: /api/conversations/cc1206f4-b328-40a1-b6e0-87a271990c97/
2025-06-07 20:05:41.731439 - User: Anonymous - Path: /api/conversations/cc1206f4-b328-40a1-b6e0-87a271990c97/messages
2025-06-07 20:05:41.751868 - User: samuelvictor747futa@gmail.com - Path: /api/conversations/cc1206f4-b328-40a1-b6e0-87a271990c97/messages/
2025-06-08 19:56:06.978751 - User: Anonymous - Path: /api/token/
2025-06-08 19:56:47.942349 - User: samuelvictor747futa@gmail.com - Path: /api/conversations/
2025-06-09 07:24:57.334402 - User: Anonymous - Path: /api/token/
2025-06-09 07:25:49.969290 - User: samuelvictor747futa@gmail.com - Path: /api/conversations/
2025-06-09 07:25:55.782987 - User: samuelvictor747futa@gmail.com - Path: /api/conversations/
2025-06-09 07:27:47.622911 - User: Anonymous - Path: /api/admin
2025-06-09 07:27:58.569103 - User: Anonymous - Path: /admin
2025-06-09 07:27:58.605529 - User: Anonymous - Path: /admin/
2025-06-09 07:27:58.766668 - User: Anonymous - Path: /admin/login/
2025-06-09 07:28:04.797016 - User: Anonymous - Path: /admin/login/
2025-06-09 07:28:12.696232 - User: Anonymous - Path: /admin/login/
2025-06-09 07:28:23.786277 - User: Anonymous - Path: /admin/login/
2025-06-09 07:28:56.261478 - User: samuelvictor747futa@gmail.com - Path: /admin/login/
2025-06-09 07:28:56.333923 - User: samuelvictor747futa@gmail.com - Path: /admin/
2025-06-09 07:29:01.149624 - User: samuelvictor747futa@gmail.com - Path: /admin/chats/conversation/add/
2025-06-09 07:29:01.254054 - User: samuelvictor747futa@gmail.com - Path: /admin/jsi18n/
2025-06-09 07:29:14.785738 - User: samuelvictor747futa@gmail.com - Path: /admin/chats/customuser/add/
2025-06-09 07:29:14.846550 - User: samuelvictor747futa@gmail.com - Path: /admin/jsi18n/
2025-06-09 07:30:07.853841 - User: samuelvictor747futa@gmail.com - Path: /admin/chats/customuser/add/
2025-06-09 07:30:08.018587 - User: samuelvictor747futa@gmail.com - Path: /admin/chats/customuser/
2025-06-09 07:30:08.088286 - User: samuelvictor747futa@gmail.com - Path: /admin/jsi18n/
2025-06-09 07:30:12.113093 - User: samuelvictor747futa@gmail.com - Path: /admin/chats/conversation/add/
2025-06-09 07:30:12.184659 - User: samuelvictor747futa@gmail.com - Path: /admin/jsi18n/
2025-06-09 07:30:22.061311 - User: samuelvictor747futa@gmail.com - Path: /admin/chats/conversation/add/
2025-06-09 07:30:22.134155 - User: samuelvictor747futa@gmail.com - Path: /admin/chats/conversation/
2025-06-09 07:30:22.196976 - User: samuelvictor747futa@gmail.com - Path: /admin/jsi18n/
2025-06-09 07:30:28.607795 - User: samuelvictor747futa@gmail.com - Path: /admin/chats/message/
2025-06-09 07:30:28.680616 - User: samuelvictor747futa@gmail.com - Path: /admin/jsi18n/
2025-06-09 07:30:30.839845 - User: samuelvictor747futa@gmail.com - Path: /admin/chats/message/add/
2025-06-09 07:30:30.907219 - User: samuelvictor747futa@gmail.com - Path: /admin/jsi18n/
2025-06-09 07:30:56.209303 - User: samuelvictor747futa@gmail.com - Path: /admin/chats/message/add/
2025-06-09 07:30:56.285578 - User: samuelvictor747futa@gmail.com - Path: /admin/chats/message/
2025-06-09 07:30:56.348232 - User: samuelvictor747futa@gmail.com - Path: /admin/jsi18n/
2025-06-09 07:31:07.985319 - User: Anonymous - Path: /api/conversations/
2025-06-09 07:31:29.790519 - User: Anonymous - Path: /api/token/
2025-06-09 07:32:09.565441 - User: samuelvictor747futa@gmail.com - Path: /api/conversations/
2025-06-09 07:45:04.142524 - User: samuelvictor747futa@gmail.com - Path: /admin/chats/message/
2025-06-09 07:45:04.230168 - User: samuelvictor747futa@gmail.com - Path: /admin/jsi18n/
2025-06-09 07:45:08.172747 - User: samuelvictor747futa@gmail.com - Path: /admin/chats/customuser/
2025-06-09 07:45:08.231026 - User: samuelvictor747futa@gmail.com - Path: /admin/jsi18n/
2025-06-09 07:45:11.516625 - User: samuelvictor747futa@gmail.com - Path: /admin/chats/customuser/add/
2025-06-09 07:45:11.583474 - User: samuelvictor747futa@gmail.com - Path: /admin/jsi18n/
2025-06-09 07:45:54.004395 - User: samuelvictor747futa@gmail.com - Path: /admin/chats/customuser/add/
2025-06-09 07:45:54.058545 - User: samuelvictor747futa@gmail.com - Path: /admin/chats/customuser/
2025-06-09 07:45:54.124107 - User: samuelvictor747futa@gmail.com - Path: /admin/jsi18n/
2025-06-09 07:45:57.181799 - User: samuelvictor747futa@gmail.com - Path: /admin/chats/customuser/04767d72-d50d-47ae-80b9-6d0c35816d5c/change/
2025-06-09 07:45:57.240534 - User: samuelvictor747futa@gmail.com - Path: /admin/jsi18n/
2025-06-09 07:46:06.478670 - User: samuelvictor747futa@gmail.com - Path: /admin/chats/customuser/04767d72-d50d-47ae-80b9-6d0c35816d5c/change/
2025-06-09 07:46:06.529957 - User: samuelvictor747futa@gmail.com - Path: /admin/chats/customuser/
2025-06-09 07:46:06.578993 - User: samuelvictor747futa@gmail.com - Path: /admin/jsi18n/
2025-06-09 07:46:56.463142 - User: samuelvictor747futa@gmail.com - Path: /admin/chats/customuser/a4bfea65-759a-4fe1-85a8-1e7c868a77e4/change/
2025-06-09 07:46:56.521573 - User: samuelvictor747futa@gmail.com - Path: /admin/jsi18n/
2025-06-09 07:47:14.421831 - User: Anonymous - Path: /api/token/
2025-06-09 07:47:51.795288 - User: Anonymous - Path: /api/conversations/
2025-06-09 07:48:01.462300 - User: samuelvictor747futa@gmail.com - Path: /api/conversations/
2025-06-09 07:48:44.570889 - User: Anonymous - Path: /api/token/
2025-06-09 07:49:06.805068 - User: samuelvictor747futa@gmail.com - Path: /admin/chats/customuser/
2025-06-09 07:49:06.866572 - User: samuelvictor747futa@gmail.com - Path: /admin/jsi18n/
2025-06-09 07:49:44.230781 - User: samuelvictor747futa@gmail.com - Path: /admin/chats/customuser/a4bfea65-759a-4fe1-85a8-1e7c868a77e4/change/
2025-06-09 07:49:44.306997 - User: samuelvictor747futa@gmail.com - Path: /admin/jsi18n/
2025-06-09 07:50:20.525042 - User: Anonymous - Path: /api/token/
2025-06-09 07:58:07.552125 - User: Anonymous - Path: /api/token/
2025-06-09 07:58:57.908261 - User: flameloaded@gmail.com - Path: /api/conversations/
2025-06-09 07:59:25.260817 - User: samuelvictor747futa@gmail.com - Path: /admin/chats/customuser/a4bfea65-759a-4fe1-85a8-1e7c868a77e4/change/
2025-06-09 07:59:25.334871 - User: samuelvictor747futa@gmail.com - Path: /admin/jsi18n/
2025-06-09 07:59:41.304610 - User: samuelvictor747futa@gmail.com - Path: /admin/chats/customuser/
2025-06-09 07:59:41.364809 - User: samuelvictor747futa@gmail.com - Path: /admin/jsi18n/
2025-06-09 07:59:45.508080 - User: samuelvictor747futa@gmail.com - Path: /admin/chats/customuser/04767d72-d50d-47ae-80b9-6d0c35816d5c/change/
2025-06-09 07:59:45.560440 - User: samuelvictor747futa@gmail.com - Path: /admin/jsi18n/
2025-06-09 07:59:48.522875 - User: samuelvictor747futa@gmail.com - Path: /admin/chats/customuser/
2025-06-09 07:59:48.571431 - User: samuelvictor747futa@gmail.com - Path: /admin/jsi18n/
2025-06-09 07:59:50.402285 - User: samuelvictor747futa@gmail.com - Path: /admin/chats/customuser/3ae6e206-7937-467c-a39e-c5206358346d/change/
2025-06-09 07:59:50.459731 - User: samuelvictor747futa@gmail.com - Path: /admin/jsi18n/
2025-06-09 08:02:28.537926 - User: Anonymous - Path: /api/token/
2025-06-16 06:50:13.649324 - User: Anonymous - Path: /api/token/
2025-06-16 06:50:14.864675 - User: samuelvictor747futa@gmail.com - Path: /favicon.ico
2025-06-16 06:50:23.437547 - User: Anonymous - Path: /api/token/
2025-06-16 06:51:25.702862 - User: Anonymous - Path: /api/tokens/
2025-06-16 06:51:47.756920 - User: Anonymous - Path: /api/tokens/
2025-06-16 06:52:39.800491 - User: Anonymous - Path: /api/auth/
2025-06-16 06:52:58.549452 - User: Anonymous - Path: /api/tokens/
2025-06-16 06:55:45.691802 - User: Anonymous - Path: /api/tokens/
2025-06-16 06:56:11.735555 - User: Anonymous - Path: /api/tokens/
2025-06-16 06:56:56.192324 - User: Anonymous - Path: /api/token/
2025-06-16 06:57:00.873302 - User: Anonymous - Path: /api/token/
2025-06-16 06:57:21.524502 - User: Anonymous - Path: /api/token/
2025-06-16 06:57:22.996659 - User: Anonymous - Path: /api/token/
2025-06-16 07:00:22.476970 - User: Anonymous - Path: /api/tokens/
2025-06-16 07:02:03.520289 - User: Anonymous - Path: /api/token/
2025-06-16 07:04:44.839414 - User: Anonymous - Path: /api/auth
2025-06-16 07:13:29.263620 - User: samuelvictor747futa@gmail.com - Path: /admin
2025-06-16 07:13:29.595731 - User: samuelvictor747futa@gmail.com - Path: /admin/
2025-06-16 07:13:35.404572 - User: samuelvictor747futa@gmail.com - Path: /admin/chats/customuser/
2025-06-16 07:13:35.681465 - User: samuelvictor747futa@gmail.com - Path: /admin/jsi18n/
2025-06-16 07:13:40.672570 - User: samuelvictor747futa@gmail.com - Path: /admin/chats/customuser/a4bfea65-759a-4fe1-85a8-1e7c868a77e4/change/
2025-06-16 07:13:40.742856 - User: samuelvictor747futa@gmail.com - Path: /admin/jsi18n/
2025-06-16 07:13:49.265013 - User: samuelvictor747futa@gmail.com - Path: /admin/chats/customuser/
2025-06-16 07:13:49.345972 - User: samuelvictor747futa@gmail.com - Path: /admin/jsi18n/
2025-06-16 07:13:51.106410 - User: samuelvictor747futa@gmail.com - Path: /admin/chats/customuser/04767d72-d50d-47ae-80b9-6d0c35816d5c/change/
2025-06-16 07:13:51.162420 - User: samuelvictor747futa@gmail.com - Path: /admin/jsi18n/
2025-06-16 07:14:49.284790 - User: Anonymous - Path: /api/token/
2025-06-16 07:44:05.140086 - User: Anonymous - Path: /api/token/
2025-06-16 08:09:51.390298 - User: Anonymous - Path: /api/token/
2025-06-16 08:10:15.001170 - User: samuelvictor747futa@gmail.com - Path: /api/conversations/
